time="2024-04-28T22:33:29+05:00" level=fatal msg="fail to load config error reading config file: open config.yaml: The system cannot find the file specified." func="main.main()" file="main.go:23"
time="2024-04-28T22:33:45+05:00" level=fatal msg="fail to load config error reading config file: open config.yaml: The system cannot find the file specified." func="main.main()" file="main.go:23"
time="2024-04-28T22:33:59+05:00" level=fatal msg="fail to load config error reading config file: config file parsing error: EOF" func="main.main()" file="main.go:23"
time="2024-04-28T22:34:57+05:00" level=fatal msg="fail to load config error reading config file: config file parsing error: EOF" func="main.main()" file="main.go:23"
time="2024-04-28T22:35:37+05:00" level=fatal msg="fail to load config error reading config file: open config/config.yml: The system cannot find the path specified." func="main.main()" file="main.go:23"
time="2024-04-28T22:36:07+05:00" level=fatal msg="fail to load config error reading config file: config file parsing error: EOF" func="main.main()" file="main.go:23"
time="2024-04-28T22:36:46+05:00" level=fatal msg="fail to load config error reading config file: config file parsing error: EOF" func="main.main()" file="main.go:23"
time="2024-04-28T22:37:44+05:00" level=fatal msg="fail to load config error reading config file: config file parsing error: EOF" func="main.main()" file="main.go:23"
time="2024-04-28T22:38:23+05:00" level=fatal msg="fail to load config error reading config file: config file parsing error: EOF" func="main.main()" file="main.go:23"
time="2024-04-28T22:39:59+05:00" level=fatal msg="fail to load config error reading config file: config file parsing error: EOF" func="main.main()" file="main.go:23"
time="2024-04-28T22:40:36+05:00" level=fatal msg="fail to load config error reading config file path:config/config.yml: config file parsing error: EOF" func="main.main()" file="main.go:23"
time="2024-04-28T22:42:59+05:00" level=fatal msg="fail to load config error reading config file path:config/config.yml: parsing field Database env CLICKHOUSE_DATABASE: strconv.ParseInt: parsing \"default\": invalid syntax" func="main.main()" file="main.go:23"
time="2024-04-28T22:43:44+05:00" level=info msg="config loaded successfully" func="main.main()" file="main.go:25"
time="2024-04-28T22:43:58+05:00" level=info msg="config loaded successfully" func="main.main()" file="main.go:26"
time="2024-04-28T22:44:26+05:00" level=info msg="config loaded successfully" func="main.main()" file="main.go:26"
time="2024-04-28T22:45:03+05:00" level=info msg="config loaded successfully" func="main.main()" file="main.go:26"
time="2024-04-28T22:45:20+05:00" level=info msg="config loaded successfully" func="main.main()" file="main.go:26"
time="2024-04-28T22:45:55+05:00" level=info msg="config loaded successfully" func="main.main()" file="main.go:26"
time="2024-04-28T22:46:15+05:00" level=info msg="config loaded successfully" func="main.main()" file="main.go:26"
time="2024-04-28T22:46:50+05:00" level=info msg="config loaded successfully" func="main.main()" file="main.go:26"
time="2024-04-28T22:46:57+05:00" level=info msg="config loaded successfully" func="main.main()" file="main.go:26"
time="2024-04-28T22:48:43+05:00" level=info msg="config loaded successfully" func="main.main()" file="main.go:32"
time="2024-04-28T22:49:03+05:00" level=info msg="config loaded successfully" func="main.main()" file="main.go:32"
time="2024-04-29T01:34:10+05:00" level=info msg="config loaded successfully" func="main.main()" file="main.go:39"
time="2024-04-29T01:34:10+05:00" level=fatal msg="clickhouse connection error: clickhouse ping error: tls: first record does not look like a TLS handshake" func="main.main()" file="main.go:43"
time="2024-04-29T01:36:41+05:00" level=info msg="config loaded successfully" func="main.main()" file="main.go:39"
time="2024-04-29T01:36:41+05:00" level=fatal msg="clickhouse connection error: clickhouse ping error: tls: first record does not look like a TLS handshake" func="main.main()" file="main.go:43"
time="2024-04-29T01:38:36+05:00" level=info msg="config loaded successfully" func="main.main()" file="main.go:39"
time="2024-04-29T01:38:36+05:00" level=fatal msg="clickhouse connection error: clickhouse ping error: tls: first record does not look like a TLS handshake" func="main.main()" file="main.go:43"
time="2024-04-29T01:43:13+05:00" level=info msg="migration done" func="main.main()" file="main.go:34"
time="2024-04-29T01:43:13+05:00" level=info msg="config loaded successfully" func="main.main()" file="main.go:40"
time="2024-04-29T01:43:13+05:00" level=fatal msg="clickhouse connection error: clickhouse ping error: tls: first record does not look like a TLS handshake" func="main.main()" file="main.go:44"
time="2024-04-29T01:46:04+05:00" level=info msg="migration done" func="main.main()" file="main.go:34"
time="2024-04-29T01:46:04+05:00" level=info msg="config loaded successfully" func="main.main()" file="main.go:40"
time="2024-04-29T01:46:04+05:00" level=fatal msg="clickhouse connection error: clickhouse ping error: tls: first record does not look like a TLS handshake" func="main.main()" file="main.go:44"
time="2024-04-29T01:46:43+05:00" level=info msg="migration done" func="main.main()" file="main.go:34"
time="2024-04-29T01:46:43+05:00" level=info msg="config loaded successfully" func="main.main()" file="main.go:40"
time="2024-04-29T01:46:43+05:00" level=fatal msg="clickhouse connection error: clickhouse ping error: tls: first record does not look like a TLS handshake" func="main.main()" file="main.go:44"
time="2024-04-29T01:48:10+05:00" level=info msg="migration done" func="main.main()" file="main.go:34"
time="2024-04-29T01:48:10+05:00" level=info msg="config loaded successfully" func="main.main()" file="main.go:40"
time="2024-04-29T01:48:10+05:00" level=fatal msg="clickhouse connection error: clickhouse ping error: context deadline exceeded" func="main.main()" file="main.go:44"
time="2024-04-29T01:48:37+05:00" level=info msg="migration done" func="main.main()" file="main.go:34"
time="2024-04-29T01:48:37+05:00" level=info msg="config loaded successfully" func="main.main()" file="main.go:40"
time="2024-04-29T01:48:37+05:00" level=fatal msg="clickhouse connection error: clickhouse ping error: tls: first record does not look like a TLS handshake" func="main.main()" file="main.go:44"
time="2024-04-29T01:50:40+05:00" level=info msg="migration done" func="main.main()" file="main.go:34"
time="2024-04-29T01:50:40+05:00" level=info msg="config loaded successfully" func="main.main()" file="main.go:40"
time="2024-04-29T01:50:40+05:00" level=fatal msg="clickhouse connection error: clickhouse ping error: tls: first record does not look like a TLS handshake" func="main.main()" file="main.go:44"
time="2024-04-29T01:52:42+05:00" level=info msg="migration done" func="main.main()" file="main.go:34"
time="2024-04-29T01:52:42+05:00" level=info msg="config loaded successfully" func="main.main()" file="main.go:40"
time="2024-04-29T01:52:42+05:00" level=fatal msg="clickhouse connection error: clickhouse ping error: tls: first record does not look like a TLS handshake" func="main.main()" file="main.go:44"
time="2024-04-29T01:55:06+05:00" level=info msg="migration done" func="main.main()" file="main.go:34"
time="2024-04-29T01:55:06+05:00" level=info msg="config loaded successfully" func="main.main()" file="main.go:40"
time="2024-04-29T01:55:06+05:00" level=error msg="clickhouse ping error at port=9000: tls: first record does not look like a TLS handshake" func="github.com/MamushevArup/stat4market/pkg/clickhouse.New()" file="clickhouse.go:49"
time="2024-04-29T01:55:06+05:00" level=fatal msg="clickhouse connection error: clickhouse ping error: tls: first record does not look like a TLS handshake" func="main.main()" file="main.go:44"
time="2024-04-29T02:13:27+05:00" level=info msg="migration done" func="main.main()" file="main.go:34"
time="2024-04-29T02:13:27+05:00" level=info msg="config loaded successfully" func="main.main()" file="main.go:40"
time="2024-04-29T02:13:27+05:00" level=error msg="clickhouse ping error at port=9000" func="github.com/MamushevArup/stat4market/pkg/clickhouse.New()" file="clickhouse.go:44"
time="2024-04-29T02:13:27+05:00" level=fatal msg="clickhouse connection error: clickhouse ping error: dial tcp: address user:qwerty123@localhost:9000: too many colons in address" func="main.main()" file="main.go:44"
time="2024-04-29T02:14:02+05:00" level=info msg="migration done" func="main.main()" file="main.go:34"
time="2024-04-29T02:14:02+05:00" level=info msg="config loaded successfully" func="main.main()" file="main.go:40"
time="2024-04-29T02:14:02+05:00" level=info msg="clickhouse connection established run on port=9000" func="github.com/MamushevArup/stat4market/pkg/clickhouse.New()" file="clickhouse.go:43"
time="2024-04-29T03:16:16+05:00" level=info msg="migration done" func="main.main()" file="main.go:35"
time="2024-04-29T03:16:16+05:00" level=info msg="config loaded successfully" func="main.main()" file="main.go:41"
time="2024-04-29T03:16:16+05:00" level=info msg="clickhouse connection established run on port=9000" func="main.main()" file="main.go:48"
time="2024-04-29T03:16:16+05:00" level=info msg="Test data inserted into events table" func="github.com/MamushevArup/stat4market/internal/repository/clickhouse.(*Repository).InsertTestData()" file="insert-event.go:49"
time="2024-04-29T20:07:48+05:00" level=info msg="migration done" func="main.main()" file="main.go:37"
time="2024-04-29T20:07:48+05:00" level=info msg="config loaded successfully" func="main.main()" file="main.go:43"
time="2024-04-29T20:07:48+05:00" level=info msg="clickhouse connection established run on port=9000" func="main.main()" file="main.go:50"
time="2024-04-29T20:07:48+05:00" level=info msg="Test data inserted into events table" func="github.com/MamushevArup/stat4market/internal/repository/clickhouse.(*Repository).InsertTestData()" file="insert-event.go:50"
time="2024-04-29T20:07:48+05:00" level=info msg="test data inserted" func="main.main()" file="main.go:60"
time="2024-04-29T20:07:48+05:00" level=info msg="server started on port=4444" func="main.main()" file="main.go:69"
time="2024-04-29T20:16:13+05:00" level=info msg="migration done" func="main.main()" file="main.go:37"
time="2024-04-29T20:16:13+05:00" level=info msg="config loaded successfully" func="main.main()" file="main.go:43"
time="2024-04-29T20:16:13+05:00" level=info msg="clickhouse connection established run on port=9000" func="main.main()" file="main.go:50"
time="2024-04-29T20:16:13+05:00" level=info msg="Test data inserted into events table" func="github.com/MamushevArup/stat4market/internal/repository/clickhouse.(*Repository).InsertTestData()" file="insert-event.go:50"
time="2024-04-29T20:16:13+05:00" level=info msg="test data inserted" func="main.main()" file="main.go:60"
time="2024-04-29T20:16:13+05:00" level=info msg="server started on port=4444" func="main.main()" file="main.go:69"
time="2024-04-29T20:16:54+05:00" level=info msg="migration done" func="main.main()" file="main.go:37"
time="2024-04-29T20:16:54+05:00" level=info msg="config loaded successfully" func="main.main()" file="main.go:43"
time="2024-04-29T20:16:54+05:00" level=info msg="clickhouse connection established run on port=9000" func="main.main()" file="main.go:50"
time="2024-04-29T20:16:54+05:00" level=info msg="Test data inserted into events table" func="github.com/MamushevArup/stat4market/internal/repository/clickhouse.(*Repository).InsertTestData()" file="insert-event.go:50"
time="2024-04-29T20:16:54+05:00" level=info msg="test data inserted" func="main.main()" file="main.go:60"
time="2024-04-29T20:16:54+05:00" level=info msg="server started on port=4444" func="main.main()" file="main.go:69"
time="2024-04-29T21:45:18+05:00" level=info msg="migration done" func="main.main()" file="main.go:40"
time="2024-04-29T21:45:18+05:00" level=info msg="config loaded successfully" func="main.main()" file="main.go:46"
time="2024-04-29T21:45:18+05:00" level=info msg="clickhouse connection established run on port=9000" func="main.main()" file="main.go:53"
time="2024-04-29T21:45:18+05:00" level=info msg="Test data inserted into events table" func="github.com/MamushevArup/stat4market/internal/repository/clickhouse.(*Repository).InsertTestData()" file="insert-event.go:50"
time="2024-04-29T21:45:18+05:00" level=info msg="test data inserted" func="main.main()" file="main.go:63"
time="2024-04-29T21:45:18+05:00" level=info msg="server started on port=4444" func="main.main()" file="main.go:72"
time="2024-04-29T21:46:20+05:00" level=info msg="Server stopped" func="main.main()" file="main.go:89"
time="2024-04-29T21:46:20+05:00" level=fatal msg="fail to start server http: Server closed" func="main.main.func3()" file="main.go:75"
time="2024-04-29T21:46:23+05:00" level=info msg="migration done" func="main.main()" file="main.go:40"
time="2024-04-29T21:46:23+05:00" level=info msg="config loaded successfully" func="main.main()" file="main.go:46"
time="2024-04-29T21:46:23+05:00" level=info msg="clickhouse connection established run on port=9000" func="main.main()" file="main.go:53"
time="2024-04-29T21:46:23+05:00" level=info msg="Test data inserted into events table" func="github.com/MamushevArup/stat4market/internal/repository/clickhouse.(*Repository).InsertTestData()" file="insert-event.go:50"
time="2024-04-29T21:46:23+05:00" level=info msg="test data inserted" func="main.main()" file="main.go:63"
time="2024-04-29T21:46:23+05:00" level=info msg="server started on port=4444" func="main.main()" file="main.go:72"
time="2024-04-29T21:47:59+05:00" level=info msg="Server stopped" func="main.main()" file="main.go:89"
time="2024-04-29T21:47:59+05:00" level=fatal msg="fail to start server http: Server closed" func="main.main.func3()" file="main.go:75"
time="2024-04-29T21:48:02+05:00" level=info msg="migration done" func="main.main()" file="main.go:40"
time="2024-04-29T21:48:02+05:00" level=info msg="config loaded successfully" func="main.main()" file="main.go:46"
time="2024-04-29T21:48:02+05:00" level=info msg="clickhouse connection established run on port=9000" func="main.main()" file="main.go:53"
time="2024-04-29T21:48:02+05:00" level=info msg="Test data inserted into events table" func="github.com/MamushevArup/stat4market/internal/repository/clickhouse.(*Repository).InsertTestData()" file="insert-event.go:50"
time="2024-04-29T21:48:02+05:00" level=info msg="test data inserted" func="main.main()" file="main.go:63"
time="2024-04-29T21:48:02+05:00" level=info msg="server started on port=4444" func="main.main()" file="main.go:72"
time="2024-04-29T21:53:38+05:00" level=info msg="Server stopped" func="main.main()" file="main.go:89"
time="2024-04-29T21:53:38+05:00" level=fatal msg="fail to start server http: Server closed" func="main.main.func3()" file="main.go:75"
time="2024-04-29T21:53:42+05:00" level=info msg="migration done" func="main.main()" file="main.go:40"
time="2024-04-29T21:53:42+05:00" level=info msg="config loaded successfully" func="main.main()" file="main.go:46"
time="2024-04-29T21:53:42+05:00" level=info msg="clickhouse connection established run on port=9000" func="main.main()" file="main.go:53"
time="2024-04-29T21:53:42+05:00" level=info msg="Test data inserted into events table" func="github.com/MamushevArup/stat4market/internal/repository/clickhouse.(*Repository).InsertTestData()" file="insert-event.go:50"
time="2024-04-29T21:53:42+05:00" level=info msg="test data inserted" func="main.main()" file="main.go:63"
time="2024-04-29T21:53:42+05:00" level=info msg="server started on port=4444" func="main.main()" file="main.go:72"
time="2024-04-29T22:00:56+05:00" level=fatal msg="fail to start server http: Server closed" func="main.main.func3()" file="main.go:75"
time="2024-04-29T22:00:56+05:00" level=info msg="Server stopped" func="main.main()" file="main.go:89"
time="2024-04-29T22:13:23+05:00" level=info msg="migration done" func="main.main()" file="main.go:46"
time="2024-04-29T22:13:23+05:00" level=info msg="config loaded successfully" func="main.main()" file="main.go:52"
time="2024-04-29T22:13:23+05:00" level=info msg="clickhouse connection established run on port=9000" func="main.main()" file="main.go:59"
time="2024-04-29T22:13:23+05:00" level=info msg="Test data inserted into events table" func="github.com/MamushevArup/stat4market/internal/repository/clickhouse.(*Repository).InsertTestData()" file="insert-event.go:50"
time="2024-04-29T22:13:23+05:00" level=info msg="test data inserted" func="main.main()" file="main.go:69"
time="2024-04-29T22:13:23+05:00" level=info msg="server started on port=4444" func="main.main()" file="main.go:78"
time="2024-04-29T22:13:49+05:00" level=info msg="Server stopped" func="main.main()" file="main.go:95"
time="2024-04-29T22:13:49+05:00" level=fatal msg="fail to start server http: Server closed" func="main.main.func3()" file="main.go:81"
